<?xml version="1.0" encoding="UTF-8"?>
<!-- Generated by org.testng.reporters.JUnitXMLReporter -->
<testsuite hostname="hp" name="Default test" tests="4" failures="0" timestamp="30 Mar 2019 09:14:12 GMT" time="0.057" errors="0">
  <testcase name="atest2" time="0.013" classname="TestNGAnnotations.Module4"/>
  <testcase name="test1" time="0.003" classname="TestNGAnnotations.Module4"/>
  <testcase name="test3" time="0.0" classname="TestNGAnnotations.Module4"/>
  <testcase name="test4" time="0.002" classname="TestNGAnnotations.Module4"/>
</testsuite> <!-- Default test -->
