<?xml version="1.0" encoding="UTF-8"?>
<!-- Generated by org.testng.reporters.JUnitXMLReporter -->
<testsuite hostname="hp" name="Test" tests="2" failures="0" timestamp="31 Mar 2019 12:05:33 GMT" time="0.042" errors="0">
  <testcase name="@BeforeClass preCondition" time="0.0" classname="Script.Tc_Login">
    <failure type="java.lang.NullPointerException">
      <![CDATA[java.lang.NullPointerException
	at Script.Tc_Login.preCondition(Tc_Login.java:29)
... Removed 24 stack frames]]>
    </failure>
  </testcase> <!-- @BeforeClass preCondition -->
  <testcase name="@AfterClass tearDown" time="0.0" classname="Script.Tc_Login">
    <skipped/>
  </testcase> <!-- @AfterClass tearDown -->
  <testcase name="script" time="0.001" classname="Script.Tc_Login">
    <skipped/>
  </testcase> <!-- script -->
  <testcase name="script" time="0.001" classname="Script.Tc_Login">
    <skipped/>
  </testcase> <!-- script -->
</testsuite> <!-- Test -->
